[2022-05-26T00:00:37.632] [DEBUG] cheese - login => username:zs,password:123456
[2022-05-26T00:00:37.641] [DEBUG] cheese - zs
[2022-05-26T00:00:37.663] [DEBUG] cheese - null
[2022-05-26T00:00:37.664] [DEBUG] cheese - null
[2022-05-26T00:01:12.718] [DEBUG] cheese - login => username:admin,password:123456
[2022-05-26T00:01:12.718] [DEBUG] cheese - admin
[2022-05-26T00:01:12.724] [DEBUG] cheese - null
[2022-05-26T00:01:12.724] [DEBUG] cheese - null
[2022-05-27T16:03:01.723] [DEBUG] cheese - login => username:zsf,password:123456
[2022-05-27T16:03:01.724] [DEBUG] cheese - zsf
[2022-05-27T16:03:01.733] [DEBUG] cheese - null
[2022-05-27T16:03:01.734] [DEBUG] cheese - null
[2022-05-27T16:07:03.664] [DEBUG] cheese - login => username:admin,password:123456
[2022-05-27T16:07:03.664] [DEBUG] cheese - admin
[2022-05-27T16:07:03.672] [DEBUG] cheese - null
[2022-05-27T16:07:03.673] [DEBUG] cheese - null
[2022-05-27T16:24:10.627] [DEBUG] cheese - login => username:zsf,password:123456
[2022-05-27T16:24:10.628] [DEBUG] cheese - zsf
[2022-05-27T16:24:10.638] [DEBUG] cheese - null
[2022-05-27T16:24:10.638] [DEBUG] cheese - null
[2022-05-27T16:24:45.139] [DEBUG] cheese - login => username:admin,password:123456
[2022-05-27T16:24:45.139] [DEBUG] cheese - admin
[2022-05-27T16:24:45.143] [DEBUG] cheese - null
[2022-05-27T16:24:45.143] [DEBUG] cheese - null
[2022-05-27T16:28:00.542] [DEBUG] cheese - login => username:zsf,password:123456
[2022-05-27T16:28:00.542] [DEBUG] cheese - zsf
[2022-05-27T16:28:00.548] [DEBUG] cheese - null
[2022-05-27T16:28:00.548] [DEBUG] cheese - null
[2022-05-27T16:28:54.665] [DEBUG] cheese - login => username:zsf,password:123456
[2022-05-27T16:28:54.665] [DEBUG] cheese - zsf
[2022-05-27T16:28:54.666] [DEBUG] cheese - null
[2022-05-27T16:28:54.666] [DEBUG] cheese - null
[2022-05-27T16:29:14.446] [DEBUG] cheese - login => username:zsf,password:123456
[2022-05-27T16:29:14.446] [DEBUG] cheese - zsf
[2022-05-27T16:29:14.447] [DEBUG] cheese - null
[2022-05-27T16:29:14.447] [DEBUG] cheese - null
[2022-05-27T16:29:29.469] [DEBUG] cheese - login => username:admin,password:123456
[2022-05-27T16:29:29.470] [DEBUG] cheese - admin
[2022-05-27T16:29:29.471] [DEBUG] cheese - null
[2022-05-27T16:29:29.471] [DEBUG] cheese - null
[2022-05-27T16:30:10.291] [DEBUG] cheese - login => username:zsf,password:123456
[2022-05-27T16:30:10.291] [DEBUG] cheese - zsf
[2022-05-27T16:30:10.292] [DEBUG] cheese - null
[2022-05-27T16:30:10.292] [DEBUG] cheese - null
[2022-05-27T16:30:21.275] [DEBUG] cheese - login => username:zsf,password:123456
[2022-05-27T16:30:21.275] [DEBUG] cheese - zsf
[2022-05-27T16:30:21.277] [DEBUG] cheese - null
[2022-05-27T16:30:21.277] [DEBUG] cheese - null
[2022-05-27T16:30:40.159] [DEBUG] cheese - login => username:zsf,password:123456
[2022-05-27T16:30:40.159] [DEBUG] cheese - zsf
[2022-05-27T16:30:40.161] [DEBUG] cheese - null
[2022-05-27T16:30:40.161] [DEBUG] cheese - null
[2022-05-27T16:30:57.786] [DEBUG] cheese - login => username:admin,password:123456
[2022-05-27T16:30:57.786] [DEBUG] cheese - admin
[2022-05-27T16:30:57.787] [DEBUG] cheese - null
[2022-05-27T16:30:57.788] [DEBUG] cheese - null
[2022-05-27T16:31:49.359] [DEBUG] cheese - login => username:admin,password:123456
[2022-05-27T16:31:49.359] [DEBUG] cheese - admin
[2022-05-27T16:31:49.362] [DEBUG] cheese - null
[2022-05-27T16:31:49.362] [DEBUG] cheese - null
[2022-05-27T16:32:13.001] [DEBUG] cheese - login => username:admin,password:123456
[2022-05-27T16:32:13.001] [DEBUG] cheese - admin
[2022-05-27T16:32:13.004] [DEBUG] cheese - null
[2022-05-27T16:32:13.004] [DEBUG] cheese - null
[2022-05-27T16:32:13.345] [DEBUG] cheese - login => username:admin,password:123456
[2022-05-27T16:32:13.345] [DEBUG] cheese - admin
[2022-05-27T16:32:13.347] [DEBUG] cheese - null
[2022-05-27T16:32:13.347] [DEBUG] cheese - null
[2022-05-27T16:32:13.541] [DEBUG] cheese - login => username:admin,password:123456
[2022-05-27T16:32:13.541] [DEBUG] cheese - admin
[2022-05-27T16:32:13.543] [DEBUG] cheese - null
[2022-05-27T16:32:13.543] [DEBUG] cheese - null
[2022-05-27T16:32:13.717] [DEBUG] cheese - login => username:admin,password:123456
[2022-05-27T16:32:13.717] [DEBUG] cheese - admin
[2022-05-27T16:32:13.719] [DEBUG] cheese - null
[2022-05-27T16:32:13.719] [DEBUG] cheese - null
[2022-05-27T17:10:27.853] [DEBUG] cheese - login => username:admin,password:123456
[2022-05-27T17:10:27.853] [DEBUG] cheese - admin
[2022-05-27T17:10:27.860] [DEBUG] cheese - null
[2022-05-27T17:10:27.860] [DEBUG] cheese - null
[2022-05-27T17:10:35.244] [DEBUG] cheese - login => username:admin,password:123456
[2022-05-27T17:10:35.244] [DEBUG] cheese - admin
[2022-05-27T17:10:35.245] [DEBUG] cheese - null
[2022-05-27T17:10:35.245] [DEBUG] cheese - null
[2022-05-27T17:11:09.506] [DEBUG] cheese - login => username:admin,password:123456
[2022-05-27T17:11:09.506] [DEBUG] cheese - admin
[2022-05-27T17:11:09.507] [DEBUG] cheese - null
[2022-05-27T17:11:09.507] [DEBUG] cheese - null
[2022-05-27T17:11:10.590] [DEBUG] cheese - login => username:admin,password:123456
[2022-05-27T17:11:10.590] [DEBUG] cheese - admin
[2022-05-27T17:11:10.592] [DEBUG] cheese - null
[2022-05-27T17:11:10.592] [DEBUG] cheese - null
[2022-05-27T17:11:11.190] [DEBUG] cheese - login => username:admin,password:123456
[2022-05-27T17:11:11.190] [DEBUG] cheese - admin
[2022-05-27T17:11:11.191] [DEBUG] cheese - null
[2022-05-27T17:11:11.191] [DEBUG] cheese - null
[2022-05-27T17:11:17.510] [DEBUG] cheese - login => username:adins,password:123456
[2022-05-27T17:11:17.510] [DEBUG] cheese - adins
[2022-05-27T17:11:17.511] [DEBUG] cheese - null
[2022-05-27T17:11:17.511] [DEBUG] cheese - null
[2022-05-27T17:22:30.810] [DEBUG] cheese - login => username:admin,password:123456
[2022-05-27T17:22:30.811] [DEBUG] cheese - admin
[2022-05-27T17:22:30.816] [DEBUG] cheese - null
[2022-05-27T17:22:30.816] [DEBUG] cheese - null
[2022-05-27T17:22:47.290] [DEBUG] cheese - login => username:admin,password:123456
[2022-05-27T17:22:47.290] [DEBUG] cheese - admin
[2022-05-27T17:22:47.292] [DEBUG] cheese - null
[2022-05-27T17:22:47.292] [DEBUG] cheese - null
[2022-05-27T17:22:50.317] [DEBUG] cheese - login => username:admin,password:123456
[2022-05-27T17:22:50.317] [DEBUG] cheese - admin
[2022-05-27T17:22:50.318] [DEBUG] cheese - null
[2022-05-27T17:22:50.318] [DEBUG] cheese - null
[2022-05-27T17:25:24.426] [DEBUG] cheese - login => username:admin,password:123456
[2022-05-27T17:25:24.426] [DEBUG] cheese - admin
[2022-05-27T17:25:24.434] [DEBUG] cheese - null
[2022-05-27T17:25:24.434] [DEBUG] cheese - null
[2022-05-27T17:25:39.125] [DEBUG] cheese - login => username:admin,password:123456
[2022-05-27T17:25:39.125] [DEBUG] cheese - admin
[2022-05-27T17:25:39.127] [DEBUG] cheese - null
[2022-05-27T17:25:39.127] [DEBUG] cheese - null
[2022-05-27T17:29:40.180] [DEBUG] cheese - login => username:admin,password:123456
[2022-05-27T17:29:40.180] [DEBUG] cheese - admin
[2022-05-27T17:29:40.186] [DEBUG] cheese - null
[2022-05-27T17:29:40.186] [DEBUG] cheese - null
[2022-05-27T20:30:54.282] [DEBUG] cheese - login => username:admin,password:123456
[2022-05-27T20:30:54.282] [DEBUG] cheese - admin
[2022-05-27T20:30:54.289] [DEBUG] cheese - null
[2022-05-27T20:30:54.289] [DEBUG] cheese - null
[2022-05-27T20:31:56.746] [DEBUG] cheese - login => username:admin,password:123456
[2022-05-27T20:31:56.746] [DEBUG] cheese - admin
[2022-05-27T20:31:56.747] [DEBUG] cheese - null
[2022-05-27T20:31:56.747] [DEBUG] cheese - null
[2022-05-27T20:54:06.094] [DEBUG] cheese - login => username:admin,password:123456
[2022-05-27T20:54:06.094] [DEBUG] cheese - admin
[2022-05-27T20:54:06.100] [DEBUG] cheese - null
[2022-05-27T20:54:06.100] [DEBUG] cheese - null
[2022-05-27T20:55:46.739] [DEBUG] cheese - login => username:admin,password:123456
[2022-05-27T20:55:46.739] [DEBUG] cheese - admin
[2022-05-27T20:55:46.740] [DEBUG] cheese - null
[2022-05-27T20:55:46.740] [DEBUG] cheese - null
[2022-05-27T21:44:13.121] [DEBUG] cheese - login => username:admin,password:123456
[2022-05-27T21:44:13.122] [DEBUG] cheese - admin
[2022-05-27T21:44:13.128] [DEBUG] cheese - null
[2022-05-27T21:44:13.128] [DEBUG] cheese - null
[2022-05-27T21:46:17.738] [DEBUG] cheese - login => username:admin,password:123456
[2022-05-27T21:46:17.738] [DEBUG] cheese - admin
[2022-05-27T21:46:17.744] [DEBUG] cheese - null
[2022-05-27T21:46:17.744] [DEBUG] cheese - null
[2022-05-27T21:46:36.471] [DEBUG] cheese - login => username:admin,password:123456
[2022-05-27T21:46:36.471] [DEBUG] cheese - admin
[2022-05-27T21:46:36.473] [DEBUG] cheese - null
[2022-05-27T21:46:36.473] [DEBUG] cheese - null
